<?xml version="1.0" encoding="UTF-8"?>
<testng-results skipped="0" failed="0" ignored="0" total="6" passed="6">
  <reporter-output>
  </reporter-output>
  <suite name="Suite" duration-ms="89" started-at="2019-07-27T11:32:29Z" finished-at="2019-07-27T11:32:29Z">
    <groups>
    </groups>
    <test name="Test" duration-ms="89" started-at="2019-07-27T11:32:29Z" finished-at="2019-07-27T11:32:29Z">
      <class name="practice.SeleniumTest">
        <test-method status="PASS" signature="BrowserAUtomation()[pri:0, instance:practice.SeleniumTest@69b199]" name="BrowserAUtomation" duration-ms="0" started-at="2019-07-27T11:32:29Z" finished-at="2019-07-27T11:32:29Z">
          <reporter-output>
          </reporter-output>
        </test-method> <!-- BrowserAUtomation -->
        <test-method status="PASS" signature="elementsUi()[pri:0, instance:practice.SeleniumTest@69b199]" name="elementsUi" duration-ms="0" started-at="2019-07-27T11:32:29Z" finished-at="2019-07-27T11:32:29Z">
          <reporter-output>
          </reporter-output>
        </test-method> <!-- elementsUi -->
      </class> <!-- practice.SeleniumTest -->
      <class name="practice.RESTAPITest">
        <test-method status="PASS" signature="deleteTwitter()[pri:0, instance:practice.RESTAPITest@56dfcb]" name="deleteTwitter" duration-ms="9" started-at="2019-07-27T11:32:29Z" finished-at="2019-07-27T11:32:29Z">
          <reporter-output>
          </reporter-output>
        </test-method> <!-- deleteTwitter -->
        <test-method status="PASS" signature="postJira()[pri:0, instance:practice.RESTAPITest@56dfcb]" name="postJira" duration-ms="0" started-at="2019-07-27T11:32:29Z" finished-at="2019-07-27T11:32:29Z">
          <reporter-output>
          </reporter-output>
        </test-method> <!-- postJira -->
      </class> <!-- practice.RESTAPITest -->
      <class name="practice.AppiumTest">
        <test-method status="PASS" signature="IOSApps()[pri:0, instance:practice.AppiumTest@174b225]" name="IOSApps" duration-ms="0" started-at="2019-07-27T11:32:29Z" finished-at="2019-07-27T11:32:29Z">
          <reporter-output>
          </reporter-output>
        </test-method> <!-- IOSApps -->
        <test-method status="PASS" signature="NativeAPpAndroid()[pri:0, instance:practice.AppiumTest@174b225]" name="NativeAPpAndroid" duration-ms="0" started-at="2019-07-27T11:32:29Z" finished-at="2019-07-27T11:32:29Z">
          <reporter-output>
          </reporter-output>
        </test-method> <!-- NativeAPpAndroid -->
      </class> <!-- practice.AppiumTest -->
    </test> <!-- Test -->
  </suite> <!-- Suite -->
</testng-results>
