<?xml version="1.0" encoding="UTF-8"?>
<testsuite xmlns:xsi="http://www.w3.org/2001/XMLSchema-instance" xsi:noNamespaceSchemaLocation="https://maven.apache.org/surefire/maven-surefire-plugin/xsd/surefire-test-report-3.0.xsd" version="3.0" name="TestSuite" time="1.288" tests="6" errors="0" skipped="0" failures="0">
  <properties>
[...]
</properties>
  <testcase name="deleteTwitter" classname="practice.RESTAPITest" time="0.009"/>
  <testcase name="postJira" classname="practice.RESTAPITest" time="0.001"/>
  <testcase name="IOSApps" classname="practice.AppiumTest" time="0.001"/>
  <testcase name="NativeAPpAndroid" classname="practice.AppiumTest" time="0.002"/>
  <testcase name="BrowserAUtomation" classname="practice.SeleniumTest" time="0.003"/>
  <testcase name="elementsUi" classname="practice.SeleniumTest" time="0.001"/>
</testsuite>