<?xml version="1.0" encoding="UTF-8"?>
<!-- Generated by org.testng.reporters.JUnitXMLReporter -->
<testsuite hostname="Shivam" ignored="0" name="Test" tests="6" failures="0" timestamp="27 Jul 2019 11:32:29 GMT" time="0.089" errors="0">
  <testcase name="deleteTwitter" time="0.009" classname="practice.RESTAPITest"/>
  <testcase name="postJira" time="0.0" classname="practice.RESTAPITest"/>
  <testcase name="IOSApps" time="0.0" classname="practice.AppiumTest"/>
  <testcase name="NativeAPpAndroid" time="0.0" classname="practice.AppiumTest"/>
  <testcase name="BrowserAUtomation" time="0.0" classname="practice.SeleniumTest"/>
  <testcase name="elementsUi" time="0.0" classname="practice.SeleniumTest"/>
</testsuite> <!-- Test -->
